{
    "bug_id": "client_java_422e3b3",
    "repository_info": {
        "repo": "client_java",
        "commit_id": "422e3b3",
        "repo_url": "https://github.com/prometheus/client_java",
        "commit_url": "https://github.com/prometheus/client_java/commit/422e3b3bfd068f764428dba65e54099d9ecbdf1e",
        "parent_url": "https://github.com/prometheus/client_java/commit/3d9a3302ecb06c721db392202745f4c089df7ed3",
        "date": "2017-06-12",
        "changed_files": [
            "simpleclient_spring_boot/src/main/java/io/prometheus/client/spring/boot/PrometheusMvcEndpoint.java",
            "simpleclient_spring_boot/src/test/java/io/prometheus/client/spring/boot/PrometheusMvcEndpointTest.java"
        ],
        "patch_files": [
            "simpleclient_spring_boot/src/main/java/io/prometheus/client/spring/boot/PrometheusMvcEndpoint.java"
        ],
        "test_files": [
            "simpleclient_spring_boot/src/test/java/io/prometheus/client/spring/boot/PrometheusMvcEndpointTest.java"
        ],
        "size": 7056,
        "is_maven": true,
        "is_java": true
    },
    "build_info": {
        "compiled": true,
        "build_command": null,
        "java_version": 8,
        "error_message": null,
        "time": null
    },
    "test_info": {
        "test_command": "mvn test -DskipIT -Dtest=PrometheusMvcEndpointTest -DfailIfNoTests=false -V -B -Denforcer.skip=true -Dcheckstyle.skip=true -Dcobertura.skip=true -Drat.skip=true -Dlicense.skip=true -Dfindbugs.skip=true -Dgpg.skip=true -Dskip.npm=true -Dskip.gulp=true -Dskip.bower=true -Drat.numUnapprovedLicenses=100",
        "fail_buggy": true,
        "pass_fixed": true,
        "testcases": [
            {
                "classname": "io.prometheus.client.spring.boot.PrometheusMvcEndpointTest",
                "method": "testNameParamIsNull",
                "exn_type": "java.lang.AssertionError",
                "stack_trace": "java.lang.AssertionError: expected:<200> but was:<406>\n\tat org.junit.Assert.fail(Assert.java:88)\n\tat org.junit.Assert.failNotEquals(Assert.java:834)\n\tat org.junit.Assert.assertEquals(Assert.java:118)\n\tat org.junit.Assert.assertEquals(Assert.java:144)\n\tat io.prometheus.client.spring.boot.PrometheusMvcEndpointTest.testNameParamIsNull(PrometheusMvcEndpointTest.java:36)\n"
            }
        ]
    },
    "npe_info": [],
    "patch_results": [],
    "is_buggy_compiled": true
}